Using pre-set license
Built from '2020.3/staging' branch; Version is '2020.3.14f1 (d0d1bb862f9d) revision 13685179'; Using compiler version '192528614'; Build Type 'Release'
OS: 'Windows 10 Pro; OS build 19043.1237; Version 2009; 64bit' Language: 'es' Physical Memory: 8129 MB
BatchMode: 1, IsHumanControllingUs: 0, StartBugReporterOnCrash: 0, Is64bit: 1, IsPro: 0

 COMMAND LINE ARGUMENTS:
C:\Program Files\Unity\Hub\Editor\2020.3.14f1\Editor\Unity.exe
-adb2
-batchMode
-noUpm
-name
AssetImportWorker0
-projectPath
E:/Programaci贸n/Practica super mario/Super mario
-logFile
Logs/AssetImportWorker0.log
-srvPort
55736
Successfully changed project path to: E:/Programaci贸n/Practica super mario/Super mario
E:/Programaci贸n/Practica super mario/Super mario
Using Asset Import Pipeline V2.
Refreshing native plugins compatible for Editor in 44.51 ms, found 3 plugins.
Preloading 0 native plugins for Editor in 0.00 ms.
Initialize engine version: 2020.3.14f1 (d0d1bb862f9d)
[Subsystems] Discovering subsystems at path C:/Program Files/Unity/Hub/Editor/2020.3.14f1/Editor/Data/Resources/UnitySubsystems
[Subsystems] Discovering subsystems at path E:/Programaci贸n/Practica super mario/Super mario/Assets
GfxDevice: creating device client; threaded=0
Direct3D:
    Version:  Direct3D 11.0 [level 11.1]
    Renderer: NVIDIA GeForce GTX 1650 (ID=0x1f82)
    Vendor:   
    VRAM:     3962 MB
    Driver:   30.0.14.7141
Initialize mono
Mono path[0] = 'C:/Program Files/Unity/Hub/Editor/2020.3.14f1/Editor/Data/Managed'
Mono path[1] = 'C:/Program Files/Unity/Hub/Editor/2020.3.14f1/Editor/Data/MonoBleedingEdge/lib/mono/unityjit'
Mono config path = 'C:/Program Files/Unity/Hub/Editor/2020.3.14f1/Editor/Data/MonoBleedingEdge/etc'
Using monoOptions --debugger-agent=transport=dt_socket,embedding=1,server=y,suspend=n,address=127.0.0.1:56512
Begin MonoManager ReloadAssembly
Registering precompiled unity dll's ...
Register platform support module: C:/Program Files/Unity/Hub/Editor/2020.3.14f1/Editor/Data/PlaybackEngines/WindowsStandaloneSupport/UnityEditor.WindowsStandalone.Extensions.dll
Registered in 0.002399 seconds.
Native extension for WindowsStandalone target not found
Refreshing native plugins compatible for Editor in 41.32 ms, found 3 plugins.
Preloading 0 native plugins for Editor in 0.00 ms.
Mono: successfully reloaded assembly
- Completed reload, in  1.191 seconds
Domain Reload Profiling:
	ReloadAssembly (1192ms)
		BeginReloadAssembly (60ms)
			ExecutionOrderSort (0ms)
			DisableScriptedObjects (0ms)
			BackupInstance (0ms)
			ReleaseScriptingObjects (0ms)
			CreateAndSetChildDomain (1ms)
		EndReloadAssembly (441ms)
			LoadAssemblies (57ms)
			RebuildTransferFunctionScriptingTraits (0ms)
			SetupTypeCache (163ms)
			ReleaseScriptCaches (0ms)
			RebuildScriptCaches (34ms)
			SetupLoadedEditorAssemblies (177ms)
				LogAssemblyErrors (0ms)
				InitializePlatformSupportModulesInManaged (4ms)
				SetLoadedEditorAssemblies (0ms)
				RefreshPlugins (41ms)
				BeforeProcessingInitializeOnLoad (11ms)
				ProcessInitializeOnLoadAttributes (89ms)
				ProcessInitializeOnLoadMethodAttributes (30ms)
				AfterProcessingInitializeOnLoad (0ms)
				EditorAssembliesLoaded (0ms)
			ExecutionOrderSort2 (0ms)
			AwakeInstancesAfterBackupRestoration (0ms)
Platform modules already initialized, skipping
Registering precompiled user dll's ...
Registered in 0.004374 seconds.
Begin MonoManager ReloadAssembly
Native extension for WindowsStandalone target not found
Refreshing native plugins compatible for Editor in 40.85 ms, found 3 plugins.
Preloading 0 native plugins for Editor in 0.00 ms.
Mono: successfully reloaded assembly
- Completed reload, in  1.179 seconds
Domain Reload Profiling:
	ReloadAssembly (1180ms)
		BeginReloadAssembly (156ms)
			ExecutionOrderSort (0ms)
			DisableScriptedObjects (5ms)
			BackupInstance (0ms)
			ReleaseScriptingObjects (0ms)
			CreateAndSetChildDomain (19ms)
		EndReloadAssembly (957ms)
			LoadAssemblies (95ms)
			RebuildTransferFunctionScriptingTraits (0ms)
			SetupTypeCache (323ms)
			ReleaseScriptCaches (0ms)
			RebuildScriptCaches (50ms)
			SetupLoadedEditorAssemblies (363ms)
				LogAssemblyErrors (0ms)
				InitializePlatformSupportModulesInManaged (4ms)
				SetLoadedEditorAssemblies (0ms)
				RefreshPlugins (41ms)
				BeforeProcessingInitializeOnLoad (87ms)
				ProcessInitializeOnLoadAttributes (209ms)
				ProcessInitializeOnLoadMethodAttributes (13ms)
				AfterProcessingInitializeOnLoad (7ms)
				EditorAssembliesLoaded (0ms)
			ExecutionOrderSort2 (0ms)
			AwakeInstancesAfterBackupRestoration (7ms)
Platform modules already initialized, skipping
========================================================================
Worker process is ready to serve import requests
Launched and connected shader compiler UnityShaderCompiler.exe after 0.05 seconds
Refreshing native plugins compatible for Editor in 0.48 ms, found 3 plugins.
Preloading 0 native plugins for Editor in 0.00 ms.
Unloading 2084 Unused Serialized files (Serialized files now loaded: 0)
System memory in use before: 92.9 MB.
System memory in use after: 92.9 MB.

Unloading 33 unused Assets to reduce memory usage. Loaded Objects now: 2517.
Total: 2.797700 ms (FindLiveObjects: 0.208700 ms CreateObjectMapping: 0.092700 ms MarkObjects: 2.325200 ms  DeleteObjects: 0.169900 ms)

AssetImportParameters requested are different than current active one (requested -> active):
  custom:framework-win-MediaFoundation: 216162199b28c13a410421893ffa2e32 -> 
  custom:video-decoder-ogg-theora: a1e56fd34408186e4bbccfd4996cb3dc -> 
  custom:container-muxer-webm: aa71ff27fc2769a1b78a27578f13a17b -> 
  custom:container-demuxer-webm: 4f35f7cbe854078d1ac9338744f61a02 -> 
  custom:container-demuxer-ogg: 62fdf1f143b41e24485cea50d1cbac27 -> 
  custom:video-encoder-webm-vp8: eb34c28f22e8b96e1ab97ce403110664 -> 
  custom:video-decoder-webm-vp8: 9c59270c3fd7afecdb556c50c9e8de78 -> 
  custom:audio-decoder-ogg-vorbis: bf7c407c2cedff20999df2af8eb42d56 -> 
  custom:audio-encoder-webm-vorbis: bf7c407c2cedff20999df2af8eb42d56 -> 
========================================================================
Received Import Request.
  path: Assets/Sprites/Ladrillos.png
  artifactKey: Guid(eb34564a3c202b64fa58f37faa9419f8) Importer(815301076,1909f56bfc062723c751e8b465ee728b)
Start importing Assets/Sprites/Ladrillos.png using Guid(eb34564a3c202b64fa58f37faa9419f8) Importer(815301076,1909f56bfc062723c751e8b465ee728b)  -> (artifact id: 'f3e92eb37437e2c4cb0debf1a0a03529') in 0.154305 seconds 
  Import took 0.158066 seconds .

========================================================================
Received Import Request.
  Time since last request: 11.880312 seconds.
  path: Assets/Sprites/Cajas.png
  artifactKey: Guid(e29a99e00b8e70f499c700b80dfa4dc8) Importer(815301076,1909f56bfc062723c751e8b465ee728b)
Start importing Assets/Sprites/Cajas.png using Guid(e29a99e00b8e70f499c700b80dfa4dc8) Importer(815301076,1909f56bfc062723c751e8b465ee728b)  -> (artifact id: '17f7a7695ef051cffdc5d40c7a211b81') in 0.022472 seconds 
  Import took 0.026630 seconds .

========================================================================
Received Import Request.
  Time since last request: 412.127909 seconds.
  path: Assets/Sprites/Nuves.png
  artifactKey: Guid(8d1dd9c1b7d9e3f4a8914ed1586f5faa) Importer(815301076,1909f56bfc062723c751e8b465ee728b)
Start importing Assets/Sprites/Nuves.png using Guid(8d1dd9c1b7d9e3f4a8914ed1586f5faa) Importer(815301076,1909f56bfc062723c751e8b465ee728b)  -> (artifact id: 'ed80219eabb32f342c335b303ba240b5') in 0.035408 seconds 
  Import took 0.039897 seconds .

========================================================================
Received Import Request.
  Time since last request: 8.765848 seconds.
  path: Assets/Sprites/Nuves.png
  artifactKey: Guid(8d1dd9c1b7d9e3f4a8914ed1586f5faa) Importer(815301076,1909f56bfc062723c751e8b465ee728b)
Start importing Assets/Sprites/Nuves.png using Guid(8d1dd9c1b7d9e3f4a8914ed1586f5faa) Importer(815301076,1909f56bfc062723c751e8b465ee728b)  -> (artifact id: 'f6f0e098fdd334366fc688394863ebb7') in 0.022106 seconds 
  Import took 0.069747 seconds .

========================================================================
Received Import Request.
  Time since last request: 10.073051 seconds.
  path: Assets/Sprites/Nuves.png
  artifactKey: Guid(8d1dd9c1b7d9e3f4a8914ed1586f5faa) Importer(815301076,1909f56bfc062723c751e8b465ee728b)
Start importing Assets/Sprites/Nuves.png using Guid(8d1dd9c1b7d9e3f4a8914ed1586f5faa) Importer(815301076,1909f56bfc062723c751e8b465ee728b)  -> (artifact id: '8eebe993423d438c39335a19663639d6') in 0.020072 seconds 
  Import took 0.054946 seconds .

========================================================================
Received Import Request.
  Time since last request: 122.215030 seconds.
  path: Assets/Sprites/Goombas.png
  artifactKey: Guid(304a944caca807041b446f7e21577b60) Importer(815301076,1909f56bfc062723c751e8b465ee728b)
Start importing Assets/Sprites/Goombas.png using Guid(304a944caca807041b446f7e21577b60) Importer(815301076,1909f56bfc062723c751e8b465ee728b)  -> (artifact id: 'd0f61d080834e13157a4cd92ae062c56') in 0.022361 seconds 
  Import took 0.026715 seconds .

========================================================================
Received Import Request.
  Time since last request: 6.951209 seconds.
  path: Assets/Sprites/Goombas.png
  artifactKey: Guid(304a944caca807041b446f7e21577b60) Importer(815301076,1909f56bfc062723c751e8b465ee728b)
Start importing Assets/Sprites/Goombas.png using Guid(304a944caca807041b446f7e21577b60) Importer(815301076,1909f56bfc062723c751e8b465ee728b)  -> (artifact id: '4a22489f92fcca0b8acc0c1041335df7') in 0.024668 seconds 
  Import took 0.069179 seconds .

========================================================================
Received Import Request.
  Time since last request: 54.402732 seconds.
  path: Assets/Sprites/Hierbas.png
  artifactKey: Guid(5b2429ad284b6614684d4dd451ef8943) Importer(815301076,1909f56bfc062723c751e8b465ee728b)
Start importing Assets/Sprites/Hierbas.png using Guid(5b2429ad284b6614684d4dd451ef8943) Importer(815301076,1909f56bfc062723c751e8b465ee728b)  -> (artifact id: '7500eeda7a530201b36460840d191860') in 0.152973 seconds 
  Import took 0.175342 seconds .

========================================================================
Received Import Request.
  Time since last request: 40.795905 seconds.
  path: Assets/Sprites/Tuberias.png
  artifactKey: Guid(343d9da2650e2794cb577b4b4798c5b9) Importer(815301076,1909f56bfc062723c751e8b465ee728b)
Start importing Assets/Sprites/Tuberias.png using Guid(343d9da2650e2794cb577b4b4798c5b9) Importer(815301076,1909f56bfc062723c751e8b465ee728b)  -> (artifact id: 'a8bc96ae7f498f24fb778623d5ff169f') in 0.023679 seconds 
  Import took 0.027980 seconds .

========================================================================
Received Import Request.
  Time since last request: 7.930550 seconds.
  path: Assets/Sprites/Tuberias.png
  artifactKey: Guid(343d9da2650e2794cb577b4b4798c5b9) Importer(815301076,1909f56bfc062723c751e8b465ee728b)
Start importing Assets/Sprites/Tuberias.png using Guid(343d9da2650e2794cb577b4b4798c5b9) Importer(815301076,1909f56bfc062723c751e8b465ee728b)  -> (artifact id: '3ac9fe6e97c555f2f94b277b7d35463b') in 0.022294 seconds 
  Import took 0.040055 seconds .

========================================================================
Received Import Request.
  Time since last request: 11.197226 seconds.
  path: Assets/Sprites/Tuberias.png
  artifactKey: Guid(343d9da2650e2794cb577b4b4798c5b9) Importer(815301076,1909f56bfc062723c751e8b465ee728b)
Start importing Assets/Sprites/Tuberias.png using Guid(343d9da2650e2794cb577b4b4798c5b9) Importer(815301076,1909f56bfc062723c751e8b465ee728b)  -> (artifact id: '07b14dfbf758790ff3c4eae226700bb3') in 0.018674 seconds 
  Import took 0.039991 seconds .

========================================================================
Received Import Request.
  Time since last request: 120.928409 seconds.
  path: Assets/Sprites/Hierbas.png
  artifactKey: Guid(5b2429ad284b6614684d4dd451ef8943) Importer(815301076,1909f56bfc062723c751e8b465ee728b)
Start importing Assets/Sprites/Hierbas.png using Guid(5b2429ad284b6614684d4dd451ef8943) Importer(815301076,1909f56bfc062723c751e8b465ee728b)  -> (artifact id: 'e8bcd6e705042d265daae64b241e6e92') in 0.033337 seconds 
  Import took 0.068572 seconds .

========================================================================
Received Import Request.
  Time since last request: 49.398966 seconds.
  path: Assets/Sprites/Tuberias.png
  artifactKey: Guid(343d9da2650e2794cb577b4b4798c5b9) Importer(815301076,1909f56bfc062723c751e8b465ee728b)
Start importing Assets/Sprites/Tuberias.png using Guid(343d9da2650e2794cb577b4b4798c5b9) Importer(815301076,1909f56bfc062723c751e8b465ee728b)  -> (artifact id: '21c69062fb6b97d958ce6763c732d0d1') in 0.024107 seconds 
  Import took 0.047670 seconds .

========================================================================
Received Import Request.
  Time since last request: 716.519407 seconds.
  path: Assets/Sprites/Nuves.png
  artifactKey: Guid(8d1dd9c1b7d9e3f4a8914ed1586f5faa) Importer(815301076,1909f56bfc062723c751e8b465ee728b)
Start importing Assets/Sprites/Nuves.png using Guid(8d1dd9c1b7d9e3f4a8914ed1586f5faa) Importer(815301076,1909f56bfc062723c751e8b465ee728b)  -> (artifact id: '5cc3e2b23d35e60df316bb74acf48fc4') in 0.024602 seconds 
  Import took 0.031139 seconds .

========================================================================
Received Import Request.
  Time since last request: 39.556550 seconds.
  path: Assets/Sprites/Nuves.png
  artifactKey: Guid(8d1dd9c1b7d9e3f4a8914ed1586f5faa) Importer(815301076,1909f56bfc062723c751e8b465ee728b)
Start importing Assets/Sprites/Nuves.png using Guid(8d1dd9c1b7d9e3f4a8914ed1586f5faa) Importer(815301076,1909f56bfc062723c751e8b465ee728b)  -> (artifact id: '08b8b8051a245b847b1c191332d8b697') in 0.035570 seconds 
  Import took 0.039441 seconds .

AssetImportWorkerClient::OnTransportError - code=2 error=End of file
